<?xml version="1.0" encoding="UTF-8"?>
<testsuite xmlns:xsi="http://www.w3.org/2001/XMLSchema-instance" xsi:noNamespaceSchemaLocation="https://maven.apache.org/surefire/maven-surefire-plugin/xsd/surefire-test-report.xsd" name="springboot.service.impl.ContentServcieImplTest" time="0.511" tests="1" errors="0" skipped="0" failures="0">
  <properties>
    <property name="sun.desktop" value="windows"/>
    <property name="awt.toolkit" value="sun.awt.windows.WToolkit"/>
    <property name="file.encoding.pkg" value="sun.io"/>
    <property name="java.specification.version" value="1.8"/>
    <property name="sun.cpu.isalist" value="amd64"/>
    <property name="sun.jnu.encoding" value="GBK"/>
    <property name="java.class.path" value="E:\preson-proj\Jantent-master\target\test-classes;E:\preson-proj\Jantent-master\target\classes;E:\preson-proj\my-repository\org\springframework\boot\spring-boot-configuration-processor\2.1.3.RELEASE\spring-boot-configuration-processor-2.1.3.RELEASE.jar;E:\preson-proj\my-repository\com\alibaba\druid\1.0.18\druid-1.0.18.jar;E:\soft\jdk1.8.0_40\jre\..\lib\jconsole.jar;E:\soft\jdk1.8.0_40\jre\..\lib\tools.jar;E:\preson-proj\my-repository\io\netty\netty-all\4.1.17.Final\netty-all-4.1.17.Final.jar;E:\preson-proj\my-repository\mysql\mysql-connector-java\5.1.35\mysql-connector-java-5.1.35.jar;E:\preson-proj\my-repository\org\jsoup\jsoup\1.8.3\jsoup-1.8.3.jar;E:\preson-proj\my-repository\org\springframework\boot\spring-boot-starter-web\2.1.3.RELEASE\spring-boot-starter-web-2.1.3.RELEASE.jar;E:\preson-proj\my-repository\org\springframework\boot\spring-boot-starter\2.1.3.RELEASE\spring-boot-starter-2.1.3.RELEASE.jar;E:\preson-proj\my-repository\org\springframework\boot\spring-boot-starter-logging\2.1.3.RELEASE\spring-boot-starter-logging-2.1.3.RELEASE.jar;E:\preson-proj\my-repository\ch\qos\logback\logback-classic\1.2.3\logback-classic-1.2.3.jar;E:\preson-proj\my-repository\ch\qos\logback\logback-core\1.2.3\logback-core-1.2.3.jar;E:\preson-proj\my-repository\org\apache\logging\log4j\log4j-to-slf4j\2.11.2\log4j-to-slf4j-2.11.2.jar;E:\preson-proj\my-repository\org\apache\logging\log4j\log4j-api\2.11.2\log4j-api-2.11.2.jar;E:\preson-proj\my-repository\org\slf4j\jul-to-slf4j\1.7.25\jul-to-slf4j-1.7.25.jar;E:\preson-proj\my-repository\javax\annotation\javax.annotation-api\1.3.2\javax.annotation-api-1.3.2.jar;E:\preson-proj\my-repository\org\yaml\snakeyaml\1.23\snakeyaml-1.23.jar;E:\preson-proj\my-repository\org\springframework\boot\spring-boot-starter-json\2.1.3.RELEASE\spring-boot-starter-json-2.1.3.RELEASE.jar;E:\preson-proj\my-repository\com\fasterxml\jackson\core\jackson-databind\2.9.8\jackson-databind-2.9.8.jar;E:\preson-proj\my-repository\com\fasterxml\jackson\core\jackson-annotations\2.9.0\jackson-annotations-2.9.0.jar;E:\preson-proj\my-repository\com\fasterxml\jackson\core\jackson-core\2.9.8\jackson-core-2.9.8.jar;E:\preson-proj\my-repository\com\fasterxml\jackson\datatype\jackson-datatype-jdk8\2.9.8\jackson-datatype-jdk8-2.9.8.jar;E:\preson-proj\my-repository\com\fasterxml\jackson\datatype\jackson-datatype-jsr310\2.9.8\jackson-datatype-jsr310-2.9.8.jar;E:\preson-proj\my-repository\com\fasterxml\jackson\module\jackson-module-parameter-names\2.9.8\jackson-module-parameter-names-2.9.8.jar;E:\preson-proj\my-repository\org\springframework\boot\spring-boot-starter-tomcat\2.1.3.RELEASE\spring-boot-starter-tomcat-2.1.3.RELEASE.jar;E:\preson-proj\my-repository\org\apache\tomcat\embed\tomcat-embed-core\9.0.16\tomcat-embed-core-9.0.16.jar;E:\preson-proj\my-repository\org\apache\tomcat\embed\tomcat-embed-el\9.0.16\tomcat-embed-el-9.0.16.jar;E:\preson-proj\my-repository\org\apache\tomcat\embed\tomcat-embed-websocket\9.0.16\tomcat-embed-websocket-9.0.16.jar;E:\preson-proj\my-repository\org\hibernate\validator\hibernate-validator\6.0.14.Final\hibernate-validator-6.0.14.Final.jar;E:\preson-proj\my-repository\javax\validation\validation-api\2.0.1.Final\validation-api-2.0.1.Final.jar;E:\preson-proj\my-repository\org\jboss\logging\jboss-logging\3.3.2.Final\jboss-logging-3.3.2.Final.jar;E:\preson-proj\my-repository\com\fasterxml\classmate\1.4.0\classmate-1.4.0.jar;E:\preson-proj\my-repository\org\springframework\spring-web\5.1.5.RELEASE\spring-web-5.1.5.RELEASE.jar;E:\preson-proj\my-repository\org\springframework\spring-beans\5.1.5.RELEASE\spring-beans-5.1.5.RELEASE.jar;E:\preson-proj\my-repository\org\springframework\spring-webmvc\5.1.5.RELEASE\spring-webmvc-5.1.5.RELEASE.jar;E:\preson-proj\my-repository\org\springframework\spring-context\5.1.5.RELEASE\spring-context-5.1.5.RELEASE.jar;E:\preson-proj\my-repository\org\springframework\spring-expression\5.1.5.RELEASE\spring-expression-5.1.5.RELEASE.jar;E:\preson-proj\my-repository\org\springframework\boot\spring-boot-starter-thymeleaf\2.1.3.RELEASE\spring-boot-starter-thymeleaf-2.1.3.RELEASE.jar;E:\preson-proj\my-repository\org\thymeleaf\thymeleaf-spring5\3.0.11.RELEASE\thymeleaf-spring5-3.0.11.RELEASE.jar;E:\preson-proj\my-repository\org\thymeleaf\thymeleaf\3.0.11.RELEASE\thymeleaf-3.0.11.RELEASE.jar;E:\preson-proj\my-repository\org\attoparser\attoparser\2.0.5.RELEASE\attoparser-2.0.5.RELEASE.jar;E:\preson-proj\my-repository\org\unbescape\unbescape\1.1.6.RELEASE\unbescape-1.1.6.RELEASE.jar;E:\preson-proj\my-repository\org\slf4j\slf4j-api\1.7.25\slf4j-api-1.7.25.jar;E:\preson-proj\my-repository\org\thymeleaf\extras\thymeleaf-extras-java8time\3.0.3.RELEASE\thymeleaf-extras-java8time-3.0.3.RELEASE.jar;E:\preson-proj\my-repository\org\springframework\boot\spring-boot-starter-test\2.1.3.RELEASE\spring-boot-starter-test-2.1.3.RELEASE.jar;E:\preson-proj\my-repository\org\springframework\boot\spring-boot-test\2.1.3.RELEASE\spring-boot-test-2.1.3.RELEASE.jar;E:\preson-proj\my-repository\org\springframework\boot\spring-boot-test-autoconfigure\2.1.3.RELEASE\spring-boot-test-autoconfigure-2.1.3.RELEASE.jar;E:\preson-proj\my-repository\com\jayway\jsonpath\json-path\2.4.0\json-path-2.4.0.jar;E:\preson-proj\my-repository\net\minidev\json-smart\2.3\json-smart-2.3.jar;E:\preson-proj\my-repository\net\minidev\accessors-smart\1.2\accessors-smart-1.2.jar;E:\preson-proj\my-repository\org\ow2\asm\asm\5.0.4\asm-5.0.4.jar;E:\preson-proj\my-repository\org\assertj\assertj-core\3.11.1\assertj-core-3.11.1.jar;E:\preson-proj\my-repository\org\mockito\mockito-core\2.23.4\mockito-core-2.23.4.jar;E:\preson-proj\my-repository\net\bytebuddy\byte-buddy\1.9.10\byte-buddy-1.9.10.jar;E:\preson-proj\my-repository\net\bytebuddy\byte-buddy-agent\1.9.10\byte-buddy-agent-1.9.10.jar;E:\preson-proj\my-repository\org\objenesis\objenesis\2.6\objenesis-2.6.jar;E:\preson-proj\my-repository\org\hamcrest\hamcrest-core\1.3\hamcrest-core-1.3.jar;E:\preson-proj\my-repository\org\hamcrest\hamcrest-library\1.3\hamcrest-library-1.3.jar;E:\preson-proj\my-repository\org\skyscreamer\jsonassert\1.5.0\jsonassert-1.5.0.jar;E:\preson-proj\my-repository\com\vaadin\external\google\android-json\0.0.20131108.vaadin1\android-json-0.0.20131108.vaadin1.jar;E:\preson-proj\my-repository\org\springframework\spring-core\5.1.5.RELEASE\spring-core-5.1.5.RELEASE.jar;E:\preson-proj\my-repository\org\springframework\spring-jcl\5.1.5.RELEASE\spring-jcl-5.1.5.RELEASE.jar;E:\preson-proj\my-repository\org\springframework\spring-test\5.1.5.RELEASE\spring-test-5.1.5.RELEASE.jar;E:\preson-proj\my-repository\org\xmlunit\xmlunit-core\2.6.2\xmlunit-core-2.6.2.jar;E:\preson-proj\my-repository\org\springframework\boot\spring-boot-devtools\2.1.3.RELEASE\spring-boot-devtools-2.1.3.RELEASE.jar;E:\preson-proj\my-repository\org\springframework\boot\spring-boot\2.1.3.RELEASE\spring-boot-2.1.3.RELEASE.jar;E:\preson-proj\my-repository\org\springframework\boot\spring-boot-autoconfigure\2.1.3.RELEASE\spring-boot-autoconfigure-2.1.3.RELEASE.jar;E:\preson-proj\my-repository\org\mybatis\spring\boot\mybatis-spring-boot-starter\1.2.0\mybatis-spring-boot-starter-1.2.0.jar;E:\preson-proj\my-repository\org\springframework\boot\spring-boot-starter-jdbc\2.1.3.RELEASE\spring-boot-starter-jdbc-2.1.3.RELEASE.jar;E:\preson-proj\my-repository\com\zaxxer\HikariCP\3.2.0\HikariCP-3.2.0.jar;E:\preson-proj\my-repository\org\springframework\spring-jdbc\5.1.5.RELEASE\spring-jdbc-5.1.5.RELEASE.jar;E:\preson-proj\my-repository\org\mybatis\spring\boot\mybatis-spring-boot-autoconfigure\1.2.0\mybatis-spring-boot-autoconfigure-1.2.0.jar;E:\preson-proj\my-repository\org\mybatis\mybatis-spring\1.3.1\mybatis-spring-1.3.1.jar;E:\preson-proj\my-repository\org\apache\commons\commons-lang3\3.5\commons-lang3-3.5.jar;E:\preson-proj\my-repository\com\atlassian\commonmark\commonmark\0.10.0\commonmark-0.10.0.jar;E:\preson-proj\my-repository\com\atlassian\commonmark\commonmark-ext-gfm-tables\0.10.0\commonmark-ext-gfm-tables-0.10.0.jar;E:\preson-proj\my-repository\com\github\pagehelper\pagehelper-spring-boot-starter\1.2.3\pagehelper-spring-boot-starter-1.2.3.jar;E:\preson-proj\my-repository\com\github\pagehelper\pagehelper-spring-boot-autoconfigure\1.2.3\pagehelper-spring-boot-autoconfigure-1.2.3.jar;E:\preson-proj\my-repository\com\github\pagehelper\pagehelper\5.1.2\pagehelper-5.1.2.jar;E:\preson-proj\my-repository\com\github\jsqlparser\jsqlparser\1.0\jsqlparser-1.0.jar;E:\preson-proj\my-repository\com\vdurmont\emoji-java\3.2.0\emoji-java-3.2.0.jar;E:\preson-proj\my-repository\org\json\json\20140107\json-20140107.jar;E:\preson-proj\my-repository\com\google\code\gson\gson\2.8.0\gson-2.8.0.jar;E:\preson-proj\my-repository\org\springframework\boot\spring-boot-starter-aop\2.1.3.RELEASE\spring-boot-starter-aop-2.1.3.RELEASE.jar;E:\preson-proj\my-repository\org\springframework\spring-aop\5.1.5.RELEASE\spring-aop-5.1.5.RELEASE.jar;E:\preson-proj\my-repository\org\aspectj\aspectjweaver\1.9.2\aspectjweaver-1.9.2.jar;E:\preson-proj\my-repository\org\springframework\boot\spring-boot-starter-data-redis\2.1.3.RELEASE\spring-boot-starter-data-redis-2.1.3.RELEASE.jar;E:\preson-proj\my-repository\org\springframework\data\spring-data-redis\2.1.5.RELEASE\spring-data-redis-2.1.5.RELEASE.jar;E:\preson-proj\my-repository\org\springframework\data\spring-data-keyvalue\2.1.5.RELEASE\spring-data-keyvalue-2.1.5.RELEASE.jar;E:\preson-proj\my-repository\org\springframework\data\spring-data-commons\2.1.5.RELEASE\spring-data-commons-2.1.5.RELEASE.jar;E:\preson-proj\my-repository\org\springframework\spring-tx\5.1.5.RELEASE\spring-tx-5.1.5.RELEASE.jar;E:\preson-proj\my-repository\org\springframework\spring-oxm\5.1.5.RELEASE\spring-oxm-5.1.5.RELEASE.jar;E:\preson-proj\my-repository\io\lettuce\lettuce-core\5.1.4.RELEASE\lettuce-core-5.1.4.RELEASE.jar;E:\preson-proj\my-repository\io\netty\netty-common\4.1.33.Final\netty-common-4.1.33.Final.jar;E:\preson-proj\my-repository\io\netty\netty-handler\4.1.33.Final\netty-handler-4.1.33.Final.jar;E:\preson-proj\my-repository\io\netty\netty-buffer\4.1.33.Final\netty-buffer-4.1.33.Final.jar;E:\preson-proj\my-repository\io\netty\netty-codec\4.1.33.Final\netty-codec-4.1.33.Final.jar;E:\preson-proj\my-repository\io\netty\netty-transport\4.1.33.Final\netty-transport-4.1.33.Final.jar;E:\preson-proj\my-repository\io\netty\netty-resolver\4.1.33.Final\netty-resolver-4.1.33.Final.jar;E:\preson-proj\my-repository\io\projectreactor\reactor-core\3.2.6.RELEASE\reactor-core-3.2.6.RELEASE.jar;E:\preson-proj\my-repository\org\reactivestreams\reactive-streams\1.0.2\reactive-streams-1.0.2.jar;E:\preson-proj\my-repository\org\springframework\boot\spring-boot-starter-mail\2.1.3.RELEASE\spring-boot-starter-mail-2.1.3.RELEASE.jar;E:\preson-proj\my-repository\org\springframework\spring-context-support\5.1.5.RELEASE\spring-context-support-5.1.5.RELEASE.jar;E:\preson-proj\my-repository\com\sun\mail\javax.mail\1.6.2\javax.mail-1.6.2.jar;E:\preson-proj\my-repository\javax\activation\activation\1.1\activation-1.1.jar;E:\preson-proj\my-repository\junit\junit\4.13-beta-2\junit-4.13-beta-2.jar;E:\preson-proj\my-repository\org\mybatis\mybatis\3.4.0\mybatis-3.4.0.jar;E:\preson-proj\my-repository\org\mybatis\generator\mybatis-generator-core\1.3.5\mybatis-generator-core-1.3.5.jar;E:\preson-proj\my-repository\dom4j\dom4j\1.6.1\dom4j-1.6.1.jar;E:\preson-proj\my-repository\xml-apis\xml-apis\1.4.01\xml-apis-1.4.01.jar;"/>
    <property name="java.vm.vendor" value="Oracle Corporation"/>
    <property name="sun.arch.data.model" value="64"/>
    <property name="user.variant" value=""/>
    <property name="java.vendor.url" value="http://java.oracle.com/"/>
    <property name="user.timezone" value="Asia/Shanghai"/>
    <property name="java.vm.specification.version" value="1.8"/>
    <property name="os.name" value="Windows 8.1"/>
    <property name="user.country" value="CN"/>
    <property name="sun.java.launcher" value="SUN_STANDARD"/>
    <property name="sun.boot.library.path" value="E:\soft\jdk1.8.0_40\jre\bin"/>
    <property name="sun.java.command" value="C:\Users\ADMINI~1\AppData\Local\Temp\surefire862547559283838332\surefirebooter7651794905528900785.jar C:\Users\Administrator\AppData\Local\Temp\surefire862547559283838332 2019-03-25T17-07-51_461-jvmRun1 surefire5132746144445762506tmp surefire_02867939298757889775tmp"/>
    <property name="surefire.test.class.path" value="E:\preson-proj\Jantent-master\target\test-classes;E:\preson-proj\Jantent-master\target\classes;E:\preson-proj\my-repository\org\springframework\boot\spring-boot-configuration-processor\2.1.3.RELEASE\spring-boot-configuration-processor-2.1.3.RELEASE.jar;E:\preson-proj\my-repository\com\alibaba\druid\1.0.18\druid-1.0.18.jar;E:\soft\jdk1.8.0_40\jre\..\lib\jconsole.jar;E:\soft\jdk1.8.0_40\jre\..\lib\tools.jar;E:\preson-proj\my-repository\io\netty\netty-all\4.1.17.Final\netty-all-4.1.17.Final.jar;E:\preson-proj\my-repository\mysql\mysql-connector-java\5.1.35\mysql-connector-java-5.1.35.jar;E:\preson-proj\my-repository\org\jsoup\jsoup\1.8.3\jsoup-1.8.3.jar;E:\preson-proj\my-repository\org\springframework\boot\spring-boot-starter-web\2.1.3.RELEASE\spring-boot-starter-web-2.1.3.RELEASE.jar;E:\preson-proj\my-repository\org\springframework\boot\spring-boot-starter\2.1.3.RELEASE\spring-boot-starter-2.1.3.RELEASE.jar;E:\preson-proj\my-repository\org\springframework\boot\spring-boot-starter-logging\2.1.3.RELEASE\spring-boot-starter-logging-2.1.3.RELEASE.jar;E:\preson-proj\my-repository\ch\qos\logback\logback-classic\1.2.3\logback-classic-1.2.3.jar;E:\preson-proj\my-repository\ch\qos\logback\logback-core\1.2.3\logback-core-1.2.3.jar;E:\preson-proj\my-repository\org\apache\logging\log4j\log4j-to-slf4j\2.11.2\log4j-to-slf4j-2.11.2.jar;E:\preson-proj\my-repository\org\apache\logging\log4j\log4j-api\2.11.2\log4j-api-2.11.2.jar;E:\preson-proj\my-repository\org\slf4j\jul-to-slf4j\1.7.25\jul-to-slf4j-1.7.25.jar;E:\preson-proj\my-repository\javax\annotation\javax.annotation-api\1.3.2\javax.annotation-api-1.3.2.jar;E:\preson-proj\my-repository\org\yaml\snakeyaml\1.23\snakeyaml-1.23.jar;E:\preson-proj\my-repository\org\springframework\boot\spring-boot-starter-json\2.1.3.RELEASE\spring-boot-starter-json-2.1.3.RELEASE.jar;E:\preson-proj\my-repository\com\fasterxml\jackson\core\jackson-databind\2.9.8\jackson-databind-2.9.8.jar;E:\preson-proj\my-repository\com\fasterxml\jackson\core\jackson-annotations\2.9.0\jackson-annotations-2.9.0.jar;E:\preson-proj\my-repository\com\fasterxml\jackson\core\jackson-core\2.9.8\jackson-core-2.9.8.jar;E:\preson-proj\my-repository\com\fasterxml\jackson\datatype\jackson-datatype-jdk8\2.9.8\jackson-datatype-jdk8-2.9.8.jar;E:\preson-proj\my-repository\com\fasterxml\jackson\datatype\jackson-datatype-jsr310\2.9.8\jackson-datatype-jsr310-2.9.8.jar;E:\preson-proj\my-repository\com\fasterxml\jackson\module\jackson-module-parameter-names\2.9.8\jackson-module-parameter-names-2.9.8.jar;E:\preson-proj\my-repository\org\springframework\boot\spring-boot-starter-tomcat\2.1.3.RELEASE\spring-boot-starter-tomcat-2.1.3.RELEASE.jar;E:\preson-proj\my-repository\org\apache\tomcat\embed\tomcat-embed-core\9.0.16\tomcat-embed-core-9.0.16.jar;E:\preson-proj\my-repository\org\apache\tomcat\embed\tomcat-embed-el\9.0.16\tomcat-embed-el-9.0.16.jar;E:\preson-proj\my-repository\org\apache\tomcat\embed\tomcat-embed-websocket\9.0.16\tomcat-embed-websocket-9.0.16.jar;E:\preson-proj\my-repository\org\hibernate\validator\hibernate-validator\6.0.14.Final\hibernate-validator-6.0.14.Final.jar;E:\preson-proj\my-repository\javax\validation\validation-api\2.0.1.Final\validation-api-2.0.1.Final.jar;E:\preson-proj\my-repository\org\jboss\logging\jboss-logging\3.3.2.Final\jboss-logging-3.3.2.Final.jar;E:\preson-proj\my-repository\com\fasterxml\classmate\1.4.0\classmate-1.4.0.jar;E:\preson-proj\my-repository\org\springframework\spring-web\5.1.5.RELEASE\spring-web-5.1.5.RELEASE.jar;E:\preson-proj\my-repository\org\springframework\spring-beans\5.1.5.RELEASE\spring-beans-5.1.5.RELEASE.jar;E:\preson-proj\my-repository\org\springframework\spring-webmvc\5.1.5.RELEASE\spring-webmvc-5.1.5.RELEASE.jar;E:\preson-proj\my-repository\org\springframework\spring-context\5.1.5.RELEASE\spring-context-5.1.5.RELEASE.jar;E:\preson-proj\my-repository\org\springframework\spring-expression\5.1.5.RELEASE\spring-expression-5.1.5.RELEASE.jar;E:\preson-proj\my-repository\org\springframework\boot\spring-boot-starter-thymeleaf\2.1.3.RELEASE\spring-boot-starter-thymeleaf-2.1.3.RELEASE.jar;E:\preson-proj\my-repository\org\thymeleaf\thymeleaf-spring5\3.0.11.RELEASE\thymeleaf-spring5-3.0.11.RELEASE.jar;E:\preson-proj\my-repository\org\thymeleaf\thymeleaf\3.0.11.RELEASE\thymeleaf-3.0.11.RELEASE.jar;E:\preson-proj\my-repository\org\attoparser\attoparser\2.0.5.RELEASE\attoparser-2.0.5.RELEASE.jar;E:\preson-proj\my-repository\org\unbescape\unbescape\1.1.6.RELEASE\unbescape-1.1.6.RELEASE.jar;E:\preson-proj\my-repository\org\slf4j\slf4j-api\1.7.25\slf4j-api-1.7.25.jar;E:\preson-proj\my-repository\org\thymeleaf\extras\thymeleaf-extras-java8time\3.0.3.RELEASE\thymeleaf-extras-java8time-3.0.3.RELEASE.jar;E:\preson-proj\my-repository\org\springframework\boot\spring-boot-starter-test\2.1.3.RELEASE\spring-boot-starter-test-2.1.3.RELEASE.jar;E:\preson-proj\my-repository\org\springframework\boot\spring-boot-test\2.1.3.RELEASE\spring-boot-test-2.1.3.RELEASE.jar;E:\preson-proj\my-repository\org\springframework\boot\spring-boot-test-autoconfigure\2.1.3.RELEASE\spring-boot-test-autoconfigure-2.1.3.RELEASE.jar;E:\preson-proj\my-repository\com\jayway\jsonpath\json-path\2.4.0\json-path-2.4.0.jar;E:\preson-proj\my-repository\net\minidev\json-smart\2.3\json-smart-2.3.jar;E:\preson-proj\my-repository\net\minidev\accessors-smart\1.2\accessors-smart-1.2.jar;E:\preson-proj\my-repository\org\ow2\asm\asm\5.0.4\asm-5.0.4.jar;E:\preson-proj\my-repository\org\assertj\assertj-core\3.11.1\assertj-core-3.11.1.jar;E:\preson-proj\my-repository\org\mockito\mockito-core\2.23.4\mockito-core-2.23.4.jar;E:\preson-proj\my-repository\net\bytebuddy\byte-buddy\1.9.10\byte-buddy-1.9.10.jar;E:\preson-proj\my-repository\net\bytebuddy\byte-buddy-agent\1.9.10\byte-buddy-agent-1.9.10.jar;E:\preson-proj\my-repository\org\objenesis\objenesis\2.6\objenesis-2.6.jar;E:\preson-proj\my-repository\org\hamcrest\hamcrest-core\1.3\hamcrest-core-1.3.jar;E:\preson-proj\my-repository\org\hamcrest\hamcrest-library\1.3\hamcrest-library-1.3.jar;E:\preson-proj\my-repository\org\skyscreamer\jsonassert\1.5.0\jsonassert-1.5.0.jar;E:\preson-proj\my-repository\com\vaadin\external\google\android-json\0.0.20131108.vaadin1\android-json-0.0.20131108.vaadin1.jar;E:\preson-proj\my-repository\org\springframework\spring-core\5.1.5.RELEASE\spring-core-5.1.5.RELEASE.jar;E:\preson-proj\my-repository\org\springframework\spring-jcl\5.1.5.RELEASE\spring-jcl-5.1.5.RELEASE.jar;E:\preson-proj\my-repository\org\springframework\spring-test\5.1.5.RELEASE\spring-test-5.1.5.RELEASE.jar;E:\preson-proj\my-repository\org\xmlunit\xmlunit-core\2.6.2\xmlunit-core-2.6.2.jar;E:\preson-proj\my-repository\org\springframework\boot\spring-boot-devtools\2.1.3.RELEASE\spring-boot-devtools-2.1.3.RELEASE.jar;E:\preson-proj\my-repository\org\springframework\boot\spring-boot\2.1.3.RELEASE\spring-boot-2.1.3.RELEASE.jar;E:\preson-proj\my-repository\org\springframework\boot\spring-boot-autoconfigure\2.1.3.RELEASE\spring-boot-autoconfigure-2.1.3.RELEASE.jar;E:\preson-proj\my-repository\org\mybatis\spring\boot\mybatis-spring-boot-starter\1.2.0\mybatis-spring-boot-starter-1.2.0.jar;E:\preson-proj\my-repository\org\springframework\boot\spring-boot-starter-jdbc\2.1.3.RELEASE\spring-boot-starter-jdbc-2.1.3.RELEASE.jar;E:\preson-proj\my-repository\com\zaxxer\HikariCP\3.2.0\HikariCP-3.2.0.jar;E:\preson-proj\my-repository\org\springframework\spring-jdbc\5.1.5.RELEASE\spring-jdbc-5.1.5.RELEASE.jar;E:\preson-proj\my-repository\org\mybatis\spring\boot\mybatis-spring-boot-autoconfigure\1.2.0\mybatis-spring-boot-autoconfigure-1.2.0.jar;E:\preson-proj\my-repository\org\mybatis\mybatis-spring\1.3.1\mybatis-spring-1.3.1.jar;E:\preson-proj\my-repository\org\apache\commons\commons-lang3\3.5\commons-lang3-3.5.jar;E:\preson-proj\my-repository\com\atlassian\commonmark\commonmark\0.10.0\commonmark-0.10.0.jar;E:\preson-proj\my-repository\com\atlassian\commonmark\commonmark-ext-gfm-tables\0.10.0\commonmark-ext-gfm-tables-0.10.0.jar;E:\preson-proj\my-repository\com\github\pagehelper\pagehelper-spring-boot-starter\1.2.3\pagehelper-spring-boot-starter-1.2.3.jar;E:\preson-proj\my-repository\com\github\pagehelper\pagehelper-spring-boot-autoconfigure\1.2.3\pagehelper-spring-boot-autoconfigure-1.2.3.jar;E:\preson-proj\my-repository\com\github\pagehelper\pagehelper\5.1.2\pagehelper-5.1.2.jar;E:\preson-proj\my-repository\com\github\jsqlparser\jsqlparser\1.0\jsqlparser-1.0.jar;E:\preson-proj\my-repository\com\vdurmont\emoji-java\3.2.0\emoji-java-3.2.0.jar;E:\preson-proj\my-repository\org\json\json\20140107\json-20140107.jar;E:\preson-proj\my-repository\com\google\code\gson\gson\2.8.0\gson-2.8.0.jar;E:\preson-proj\my-repository\org\springframework\boot\spring-boot-starter-aop\2.1.3.RELEASE\spring-boot-starter-aop-2.1.3.RELEASE.jar;E:\preson-proj\my-repository\org\springframework\spring-aop\5.1.5.RELEASE\spring-aop-5.1.5.RELEASE.jar;E:\preson-proj\my-repository\org\aspectj\aspectjweaver\1.9.2\aspectjweaver-1.9.2.jar;E:\preson-proj\my-repository\org\springframework\boot\spring-boot-starter-data-redis\2.1.3.RELEASE\spring-boot-starter-data-redis-2.1.3.RELEASE.jar;E:\preson-proj\my-repository\org\springframework\data\spring-data-redis\2.1.5.RELEASE\spring-data-redis-2.1.5.RELEASE.jar;E:\preson-proj\my-repository\org\springframework\data\spring-data-keyvalue\2.1.5.RELEASE\spring-data-keyvalue-2.1.5.RELEASE.jar;E:\preson-proj\my-repository\org\springframework\data\spring-data-commons\2.1.5.RELEASE\spring-data-commons-2.1.5.RELEASE.jar;E:\preson-proj\my-repository\org\springframework\spring-tx\5.1.5.RELEASE\spring-tx-5.1.5.RELEASE.jar;E:\preson-proj\my-repository\org\springframework\spring-oxm\5.1.5.RELEASE\spring-oxm-5.1.5.RELEASE.jar;E:\preson-proj\my-repository\io\lettuce\lettuce-core\5.1.4.RELEASE\lettuce-core-5.1.4.RELEASE.jar;E:\preson-proj\my-repository\io\netty\netty-common\4.1.33.Final\netty-common-4.1.33.Final.jar;E:\preson-proj\my-repository\io\netty\netty-handler\4.1.33.Final\netty-handler-4.1.33.Final.jar;E:\preson-proj\my-repository\io\netty\netty-buffer\4.1.33.Final\netty-buffer-4.1.33.Final.jar;E:\preson-proj\my-repository\io\netty\netty-codec\4.1.33.Final\netty-codec-4.1.33.Final.jar;E:\preson-proj\my-repository\io\netty\netty-transport\4.1.33.Final\netty-transport-4.1.33.Final.jar;E:\preson-proj\my-repository\io\netty\netty-resolver\4.1.33.Final\netty-resolver-4.1.33.Final.jar;E:\preson-proj\my-repository\io\projectreactor\reactor-core\3.2.6.RELEASE\reactor-core-3.2.6.RELEASE.jar;E:\preson-proj\my-repository\org\reactivestreams\reactive-streams\1.0.2\reactive-streams-1.0.2.jar;E:\preson-proj\my-repository\org\springframework\boot\spring-boot-starter-mail\2.1.3.RELEASE\spring-boot-starter-mail-2.1.3.RELEASE.jar;E:\preson-proj\my-repository\org\springframework\spring-context-support\5.1.5.RELEASE\spring-context-support-5.1.5.RELEASE.jar;E:\preson-proj\my-repository\com\sun\mail\javax.mail\1.6.2\javax.mail-1.6.2.jar;E:\preson-proj\my-repository\javax\activation\activation\1.1\activation-1.1.jar;E:\preson-proj\my-repository\junit\junit\4.13-beta-2\junit-4.13-beta-2.jar;E:\preson-proj\my-repository\org\mybatis\mybatis\3.4.0\mybatis-3.4.0.jar;E:\preson-proj\my-repository\org\mybatis\generator\mybatis-generator-core\1.3.5\mybatis-generator-core-1.3.5.jar;E:\preson-proj\my-repository\dom4j\dom4j\1.6.1\dom4j-1.6.1.jar;E:\preson-proj\my-repository\xml-apis\xml-apis\1.4.01\xml-apis-1.4.01.jar;"/>
    <property name="sun.cpu.endian" value="little"/>
    <property name="user.home" value="C:\Users\Administrator"/>
    <property name="user.language" value="zh"/>
    <property name="java.specification.vendor" value="Oracle Corporation"/>
    <property name="java.home" value="E:\soft\jdk1.8.0_40\jre"/>
    <property name="basedir" value="E:\preson-proj\Jantent-master"/>
    <property name="file.separator" value="\"/>
    <property name="line.separator" value="&#10;"/>
    <property name="java.vm.specification.vendor" value="Oracle Corporation"/>
    <property name="java.specification.name" value="Java Platform API Specification"/>
    <property name="java.awt.graphicsenv" value="sun.awt.Win32GraphicsEnvironment"/>
    <property name="surefire.real.class.path" value="C:\Users\ADMINI~1\AppData\Local\Temp\surefire862547559283838332\surefirebooter7651794905528900785.jar"/>
    <property name="sun.boot.class.path" value="E:\soft\jdk1.8.0_40\jre\lib\resources.jar;E:\soft\jdk1.8.0_40\jre\lib\rt.jar;E:\soft\jdk1.8.0_40\jre\lib\sunrsasign.jar;E:\soft\jdk1.8.0_40\jre\lib\jsse.jar;E:\soft\jdk1.8.0_40\jre\lib\jce.jar;E:\soft\jdk1.8.0_40\jre\lib\charsets.jar;E:\soft\jdk1.8.0_40\jre\lib\jfr.jar;E:\soft\jdk1.8.0_40\jre\classes"/>
    <property name="user.script" value=""/>
    <property name="sun.management.compiler" value="HotSpot 64-Bit Tiered Compilers"/>
    <property name="java.runtime.version" value="1.8.0_40-b26"/>
    <property name="user.name" value="Administrator"/>
    <property name="path.separator" value=";"/>
    <property name="os.version" value="6.3"/>
    <property name="java.endorsed.dirs" value="E:\soft\jdk1.8.0_40\jre\lib\endorsed"/>
    <property name="java.runtime.name" value="Java(TM) SE Runtime Environment"/>
    <property name="file.encoding" value="GBK"/>
    <property name="java.vm.name" value="Java HotSpot(TM) 64-Bit Server VM"/>
    <property name="localRepository" value="E:\preson-proj\my-repository"/>
    <property name="java.vendor.url.bug" value="http://bugreport.sun.com/bugreport/"/>
    <property name="java.io.tmpdir" value="C:\Users\ADMINI~1\AppData\Local\Temp\"/>
    <property name="idea.version" value="2018.3.5"/>
    <property name="java.version" value="1.8.0_40"/>
    <property name="user.dir" value="E:\preson-proj\Jantent-master"/>
    <property name="os.arch" value="amd64"/>
    <property name="java.vm.specification.name" value="Java Virtual Machine Specification"/>
    <property name="java.awt.printerjob" value="sun.awt.windows.WPrinterJob"/>
    <property name="sun.os.patch.level" value=""/>
    <property name="java.library.path" value="E:\soft\jdk1.8.0_40\jre\bin;C:\windows\Sun\Java\bin;C:\windows\system32;C:\windows;C:\windows\system32;C:\windows;C:\windows\System32\Wbem;C:\windows\System32\WindowsPowerShell\v1.0\;C:\Program Files (x86)\ATI Technologies\ATI.ACE\Core-Static;E:\MySql 5.0\bin;D:\Program Files (x86)\apache-tomcat-7.0.85\bin;D:\soft\Git\cmd;C:\Users\Administrator\AppData\Local\Microsoft\WindowsApps;;E:\soft\IntelliJ IDEA 2018.3.5\bin;;."/>
    <property name="java.vm.info" value="mixed mode"/>
    <property name="java.vendor" value="Oracle Corporation"/>
    <property name="java.vm.version" value="25.40-b25"/>
    <property name="java.ext.dirs" value="E:\soft\jdk1.8.0_40\jre\lib\ext;C:\windows\Sun\Java\lib\ext"/>
    <property name="sun.io.unicode.encoding" value="UnicodeLittle"/>
    <property name="maven.repo.local" value="E:\preson-proj\my-repository"/>
    <property name="java.class.version" value="52.0"/>
  </properties>
  <testcase name="testConten" classname="springboot.service.impl.ContentServcieImplTest" time="0.507"/>
</testsuite>