<?xml version="1.0" encoding="UTF-8"?>
<testsuite xmlns:xsi="http://www.w3.org/2001/XMLSchema-instance" xsi:noNamespaceSchemaLocation="https://maven.apache.org/surefire/maven-surefire-plugin/xsd/surefire-test-report.xsd" name="springboot.service.impl.RedisServiceTest" time="2.102" tests="1" errors="1" skipped="0" failures="0">
  <properties>
    <property name="sun.desktop" value="windows"/>
    <property name="awt.toolkit" value="sun.awt.windows.WToolkit"/>
    <property name="file.encoding.pkg" value="sun.io"/>
    <property name="java.specification.version" value="1.8"/>
    <property name="sun.cpu.isalist" value="amd64"/>
    <property name="sun.jnu.encoding" value="GBK"/>
    <property name="java.class.path" value="E:\preson-proj\Jantent-master\target\test-classes;E:\preson-proj\Jantent-master\target\classes;E:\preson-proj\my-repository\org\springframework\boot\spring-boot-configuration-processor\2.1.3.RELEASE\spring-boot-configuration-processor-2.1.3.RELEASE.jar;E:\preson-proj\my-repository\com\alibaba\druid\1.0.18\druid-1.0.18.jar;E:\soft\jdk1.8.0_40\jre\..\lib\jconsole.jar;E:\soft\jdk1.8.0_40\jre\..\lib\tools.jar;E:\preson-proj\my-repository\io\netty\netty-all\4.1.17.Final\netty-all-4.1.17.Final.jar;E:\preson-proj\my-repository\mysql\mysql-connector-java\5.1.35\mysql-connector-java-5.1.35.jar;E:\preson-proj\my-repository\org\jsoup\jsoup\1.8.3\jsoup-1.8.3.jar;E:\preson-proj\my-repository\org\springframework\boot\spring-boot-starter-web\2.1.3.RELEASE\spring-boot-starter-web-2.1.3.RELEASE.jar;E:\preson-proj\my-repository\org\springframework\boot\spring-boot-starter\2.1.3.RELEASE\spring-boot-starter-2.1.3.RELEASE.jar;E:\preson-proj\my-repository\org\springframework\boot\spring-boot-starter-logging\2.1.3.RELEASE\spring-boot-starter-logging-2.1.3.RELEASE.jar;E:\preson-proj\my-repository\ch\qos\logback\logback-classic\1.2.3\logback-classic-1.2.3.jar;E:\preson-proj\my-repository\ch\qos\logback\logback-core\1.2.3\logback-core-1.2.3.jar;E:\preson-proj\my-repository\org\apache\logging\log4j\log4j-to-slf4j\2.11.2\log4j-to-slf4j-2.11.2.jar;E:\preson-proj\my-repository\org\apache\logging\log4j\log4j-api\2.11.2\log4j-api-2.11.2.jar;E:\preson-proj\my-repository\org\slf4j\jul-to-slf4j\1.7.25\jul-to-slf4j-1.7.25.jar;E:\preson-proj\my-repository\javax\annotation\javax.annotation-api\1.3.2\javax.annotation-api-1.3.2.jar;E:\preson-proj\my-repository\org\yaml\snakeyaml\1.23\snakeyaml-1.23.jar;E:\preson-proj\my-repository\org\springframework\boot\spring-boot-starter-json\2.1.3.RELEASE\spring-boot-starter-json-2.1.3.RELEASE.jar;E:\preson-proj\my-repository\com\fasterxml\jackson\core\jackson-databind\2.9.8\jackson-databind-2.9.8.jar;E:\preson-proj\my-repository\com\fasterxml\jackson\core\jackson-annotations\2.9.0\jackson-annotations-2.9.0.jar;E:\preson-proj\my-repository\com\fasterxml\jackson\core\jackson-core\2.9.8\jackson-core-2.9.8.jar;E:\preson-proj\my-repository\com\fasterxml\jackson\datatype\jackson-datatype-jdk8\2.9.8\jackson-datatype-jdk8-2.9.8.jar;E:\preson-proj\my-repository\com\fasterxml\jackson\datatype\jackson-datatype-jsr310\2.9.8\jackson-datatype-jsr310-2.9.8.jar;E:\preson-proj\my-repository\com\fasterxml\jackson\module\jackson-module-parameter-names\2.9.8\jackson-module-parameter-names-2.9.8.jar;E:\preson-proj\my-repository\org\springframework\boot\spring-boot-starter-tomcat\2.1.3.RELEASE\spring-boot-starter-tomcat-2.1.3.RELEASE.jar;E:\preson-proj\my-repository\org\apache\tomcat\embed\tomcat-embed-core\9.0.16\tomcat-embed-core-9.0.16.jar;E:\preson-proj\my-repository\org\apache\tomcat\embed\tomcat-embed-el\9.0.16\tomcat-embed-el-9.0.16.jar;E:\preson-proj\my-repository\org\apache\tomcat\embed\tomcat-embed-websocket\9.0.16\tomcat-embed-websocket-9.0.16.jar;E:\preson-proj\my-repository\org\hibernate\validator\hibernate-validator\6.0.14.Final\hibernate-validator-6.0.14.Final.jar;E:\preson-proj\my-repository\javax\validation\validation-api\2.0.1.Final\validation-api-2.0.1.Final.jar;E:\preson-proj\my-repository\org\jboss\logging\jboss-logging\3.3.2.Final\jboss-logging-3.3.2.Final.jar;E:\preson-proj\my-repository\com\fasterxml\classmate\1.4.0\classmate-1.4.0.jar;E:\preson-proj\my-repository\org\springframework\spring-web\5.1.5.RELEASE\spring-web-5.1.5.RELEASE.jar;E:\preson-proj\my-repository\org\springframework\spring-beans\5.1.5.RELEASE\spring-beans-5.1.5.RELEASE.jar;E:\preson-proj\my-repository\org\springframework\spring-webmvc\5.1.5.RELEASE\spring-webmvc-5.1.5.RELEASE.jar;E:\preson-proj\my-repository\org\springframework\spring-context\5.1.5.RELEASE\spring-context-5.1.5.RELEASE.jar;E:\preson-proj\my-repository\org\springframework\spring-expression\5.1.5.RELEASE\spring-expression-5.1.5.RELEASE.jar;E:\preson-proj\my-repository\org\springframework\boot\spring-boot-starter-thymeleaf\2.1.3.RELEASE\spring-boot-starter-thymeleaf-2.1.3.RELEASE.jar;E:\preson-proj\my-repository\org\thymeleaf\thymeleaf-spring5\3.0.11.RELEASE\thymeleaf-spring5-3.0.11.RELEASE.jar;E:\preson-proj\my-repository\org\thymeleaf\thymeleaf\3.0.11.RELEASE\thymeleaf-3.0.11.RELEASE.jar;E:\preson-proj\my-repository\org\attoparser\attoparser\2.0.5.RELEASE\attoparser-2.0.5.RELEASE.jar;E:\preson-proj\my-repository\org\unbescape\unbescape\1.1.6.RELEASE\unbescape-1.1.6.RELEASE.jar;E:\preson-proj\my-repository\org\slf4j\slf4j-api\1.7.25\slf4j-api-1.7.25.jar;E:\preson-proj\my-repository\org\thymeleaf\extras\thymeleaf-extras-java8time\3.0.3.RELEASE\thymeleaf-extras-java8time-3.0.3.RELEASE.jar;E:\preson-proj\my-repository\org\springframework\boot\spring-boot-starter-test\2.1.3.RELEASE\spring-boot-starter-test-2.1.3.RELEASE.jar;E:\preson-proj\my-repository\org\springframework\boot\spring-boot-test\2.1.3.RELEASE\spring-boot-test-2.1.3.RELEASE.jar;E:\preson-proj\my-repository\org\springframework\boot\spring-boot-test-autoconfigure\2.1.3.RELEASE\spring-boot-test-autoconfigure-2.1.3.RELEASE.jar;E:\preson-proj\my-repository\com\jayway\jsonpath\json-path\2.4.0\json-path-2.4.0.jar;E:\preson-proj\my-repository\net\minidev\json-smart\2.3\json-smart-2.3.jar;E:\preson-proj\my-repository\net\minidev\accessors-smart\1.2\accessors-smart-1.2.jar;E:\preson-proj\my-repository\org\ow2\asm\asm\5.0.4\asm-5.0.4.jar;E:\preson-proj\my-repository\org\assertj\assertj-core\3.11.1\assertj-core-3.11.1.jar;E:\preson-proj\my-repository\org\mockito\mockito-core\2.23.4\mockito-core-2.23.4.jar;E:\preson-proj\my-repository\net\bytebuddy\byte-buddy\1.9.10\byte-buddy-1.9.10.jar;E:\preson-proj\my-repository\net\bytebuddy\byte-buddy-agent\1.9.10\byte-buddy-agent-1.9.10.jar;E:\preson-proj\my-repository\org\objenesis\objenesis\2.6\objenesis-2.6.jar;E:\preson-proj\my-repository\org\hamcrest\hamcrest-core\1.3\hamcrest-core-1.3.jar;E:\preson-proj\my-repository\org\hamcrest\hamcrest-library\1.3\hamcrest-library-1.3.jar;E:\preson-proj\my-repository\org\skyscreamer\jsonassert\1.5.0\jsonassert-1.5.0.jar;E:\preson-proj\my-repository\com\vaadin\external\google\android-json\0.0.20131108.vaadin1\android-json-0.0.20131108.vaadin1.jar;E:\preson-proj\my-repository\org\springframework\spring-core\5.1.5.RELEASE\spring-core-5.1.5.RELEASE.jar;E:\preson-proj\my-repository\org\springframework\spring-jcl\5.1.5.RELEASE\spring-jcl-5.1.5.RELEASE.jar;E:\preson-proj\my-repository\org\springframework\spring-test\5.1.5.RELEASE\spring-test-5.1.5.RELEASE.jar;E:\preson-proj\my-repository\org\xmlunit\xmlunit-core\2.6.2\xmlunit-core-2.6.2.jar;E:\preson-proj\my-repository\org\springframework\boot\spring-boot-devtools\2.1.3.RELEASE\spring-boot-devtools-2.1.3.RELEASE.jar;E:\preson-proj\my-repository\org\springframework\boot\spring-boot\2.1.3.RELEASE\spring-boot-2.1.3.RELEASE.jar;E:\preson-proj\my-repository\org\springframework\boot\spring-boot-autoconfigure\2.1.3.RELEASE\spring-boot-autoconfigure-2.1.3.RELEASE.jar;E:\preson-proj\my-repository\org\mybatis\spring\boot\mybatis-spring-boot-starter\1.2.0\mybatis-spring-boot-starter-1.2.0.jar;E:\preson-proj\my-repository\org\springframework\boot\spring-boot-starter-jdbc\2.1.3.RELEASE\spring-boot-starter-jdbc-2.1.3.RELEASE.jar;E:\preson-proj\my-repository\com\zaxxer\HikariCP\3.2.0\HikariCP-3.2.0.jar;E:\preson-proj\my-repository\org\springframework\spring-jdbc\5.1.5.RELEASE\spring-jdbc-5.1.5.RELEASE.jar;E:\preson-proj\my-repository\org\mybatis\spring\boot\mybatis-spring-boot-autoconfigure\1.2.0\mybatis-spring-boot-autoconfigure-1.2.0.jar;E:\preson-proj\my-repository\org\mybatis\mybatis-spring\1.3.1\mybatis-spring-1.3.1.jar;E:\preson-proj\my-repository\org\apache\commons\commons-lang3\3.5\commons-lang3-3.5.jar;E:\preson-proj\my-repository\com\atlassian\commonmark\commonmark\0.10.0\commonmark-0.10.0.jar;E:\preson-proj\my-repository\com\atlassian\commonmark\commonmark-ext-gfm-tables\0.10.0\commonmark-ext-gfm-tables-0.10.0.jar;E:\preson-proj\my-repository\com\github\pagehelper\pagehelper-spring-boot-starter\1.2.3\pagehelper-spring-boot-starter-1.2.3.jar;E:\preson-proj\my-repository\com\github\pagehelper\pagehelper-spring-boot-autoconfigure\1.2.3\pagehelper-spring-boot-autoconfigure-1.2.3.jar;E:\preson-proj\my-repository\com\github\pagehelper\pagehelper\5.1.2\pagehelper-5.1.2.jar;E:\preson-proj\my-repository\com\github\jsqlparser\jsqlparser\1.0\jsqlparser-1.0.jar;E:\preson-proj\my-repository\com\vdurmont\emoji-java\3.2.0\emoji-java-3.2.0.jar;E:\preson-proj\my-repository\org\json\json\20140107\json-20140107.jar;E:\preson-proj\my-repository\com\google\code\gson\gson\2.8.0\gson-2.8.0.jar;E:\preson-proj\my-repository\org\springframework\boot\spring-boot-starter-aop\2.1.3.RELEASE\spring-boot-starter-aop-2.1.3.RELEASE.jar;E:\preson-proj\my-repository\org\springframework\spring-aop\5.1.5.RELEASE\spring-aop-5.1.5.RELEASE.jar;E:\preson-proj\my-repository\org\aspectj\aspectjweaver\1.9.2\aspectjweaver-1.9.2.jar;E:\preson-proj\my-repository\org\springframework\boot\spring-boot-starter-data-redis\2.1.3.RELEASE\spring-boot-starter-data-redis-2.1.3.RELEASE.jar;E:\preson-proj\my-repository\org\springframework\data\spring-data-redis\2.1.5.RELEASE\spring-data-redis-2.1.5.RELEASE.jar;E:\preson-proj\my-repository\org\springframework\data\spring-data-keyvalue\2.1.5.RELEASE\spring-data-keyvalue-2.1.5.RELEASE.jar;E:\preson-proj\my-repository\org\springframework\data\spring-data-commons\2.1.5.RELEASE\spring-data-commons-2.1.5.RELEASE.jar;E:\preson-proj\my-repository\org\springframework\spring-tx\5.1.5.RELEASE\spring-tx-5.1.5.RELEASE.jar;E:\preson-proj\my-repository\org\springframework\spring-oxm\5.1.5.RELEASE\spring-oxm-5.1.5.RELEASE.jar;E:\preson-proj\my-repository\io\lettuce\lettuce-core\5.1.4.RELEASE\lettuce-core-5.1.4.RELEASE.jar;E:\preson-proj\my-repository\io\netty\netty-common\4.1.33.Final\netty-common-4.1.33.Final.jar;E:\preson-proj\my-repository\io\netty\netty-handler\4.1.33.Final\netty-handler-4.1.33.Final.jar;E:\preson-proj\my-repository\io\netty\netty-buffer\4.1.33.Final\netty-buffer-4.1.33.Final.jar;E:\preson-proj\my-repository\io\netty\netty-codec\4.1.33.Final\netty-codec-4.1.33.Final.jar;E:\preson-proj\my-repository\io\netty\netty-transport\4.1.33.Final\netty-transport-4.1.33.Final.jar;E:\preson-proj\my-repository\io\netty\netty-resolver\4.1.33.Final\netty-resolver-4.1.33.Final.jar;E:\preson-proj\my-repository\io\projectreactor\reactor-core\3.2.6.RELEASE\reactor-core-3.2.6.RELEASE.jar;E:\preson-proj\my-repository\org\reactivestreams\reactive-streams\1.0.2\reactive-streams-1.0.2.jar;E:\preson-proj\my-repository\org\springframework\boot\spring-boot-starter-mail\2.1.3.RELEASE\spring-boot-starter-mail-2.1.3.RELEASE.jar;E:\preson-proj\my-repository\org\springframework\spring-context-support\5.1.5.RELEASE\spring-context-support-5.1.5.RELEASE.jar;E:\preson-proj\my-repository\com\sun\mail\javax.mail\1.6.2\javax.mail-1.6.2.jar;E:\preson-proj\my-repository\javax\activation\activation\1.1\activation-1.1.jar;E:\preson-proj\my-repository\junit\junit\4.13-beta-2\junit-4.13-beta-2.jar;E:\preson-proj\my-repository\org\mybatis\mybatis\3.4.0\mybatis-3.4.0.jar;E:\preson-proj\my-repository\org\mybatis\generator\mybatis-generator-core\1.3.5\mybatis-generator-core-1.3.5.jar;E:\preson-proj\my-repository\dom4j\dom4j\1.6.1\dom4j-1.6.1.jar;E:\preson-proj\my-repository\xml-apis\xml-apis\1.4.01\xml-apis-1.4.01.jar;"/>
    <property name="java.vm.vendor" value="Oracle Corporation"/>
    <property name="sun.arch.data.model" value="64"/>
    <property name="user.variant" value=""/>
    <property name="java.vendor.url" value="http://java.oracle.com/"/>
    <property name="user.timezone" value="Asia/Shanghai"/>
    <property name="java.vm.specification.version" value="1.8"/>
    <property name="os.name" value="Windows 8.1"/>
    <property name="user.country" value="CN"/>
    <property name="sun.java.launcher" value="SUN_STANDARD"/>
    <property name="sun.boot.library.path" value="E:\soft\jdk1.8.0_40\jre\bin"/>
    <property name="sun.java.command" value="C:\Users\ADMINI~1\AppData\Local\Temp\surefire862547559283838332\surefirebooter7651794905528900785.jar C:\Users\Administrator\AppData\Local\Temp\surefire862547559283838332 2019-03-25T17-07-51_461-jvmRun1 surefire5132746144445762506tmp surefire_02867939298757889775tmp"/>
    <property name="surefire.test.class.path" value="E:\preson-proj\Jantent-master\target\test-classes;E:\preson-proj\Jantent-master\target\classes;E:\preson-proj\my-repository\org\springframework\boot\spring-boot-configuration-processor\2.1.3.RELEASE\spring-boot-configuration-processor-2.1.3.RELEASE.jar;E:\preson-proj\my-repository\com\alibaba\druid\1.0.18\druid-1.0.18.jar;E:\soft\jdk1.8.0_40\jre\..\lib\jconsole.jar;E:\soft\jdk1.8.0_40\jre\..\lib\tools.jar;E:\preson-proj\my-repository\io\netty\netty-all\4.1.17.Final\netty-all-4.1.17.Final.jar;E:\preson-proj\my-repository\mysql\mysql-connector-java\5.1.35\mysql-connector-java-5.1.35.jar;E:\preson-proj\my-repository\org\jsoup\jsoup\1.8.3\jsoup-1.8.3.jar;E:\preson-proj\my-repository\org\springframework\boot\spring-boot-starter-web\2.1.3.RELEASE\spring-boot-starter-web-2.1.3.RELEASE.jar;E:\preson-proj\my-repository\org\springframework\boot\spring-boot-starter\2.1.3.RELEASE\spring-boot-starter-2.1.3.RELEASE.jar;E:\preson-proj\my-repository\org\springframework\boot\spring-boot-starter-logging\2.1.3.RELEASE\spring-boot-starter-logging-2.1.3.RELEASE.jar;E:\preson-proj\my-repository\ch\qos\logback\logback-classic\1.2.3\logback-classic-1.2.3.jar;E:\preson-proj\my-repository\ch\qos\logback\logback-core\1.2.3\logback-core-1.2.3.jar;E:\preson-proj\my-repository\org\apache\logging\log4j\log4j-to-slf4j\2.11.2\log4j-to-slf4j-2.11.2.jar;E:\preson-proj\my-repository\org\apache\logging\log4j\log4j-api\2.11.2\log4j-api-2.11.2.jar;E:\preson-proj\my-repository\org\slf4j\jul-to-slf4j\1.7.25\jul-to-slf4j-1.7.25.jar;E:\preson-proj\my-repository\javax\annotation\javax.annotation-api\1.3.2\javax.annotation-api-1.3.2.jar;E:\preson-proj\my-repository\org\yaml\snakeyaml\1.23\snakeyaml-1.23.jar;E:\preson-proj\my-repository\org\springframework\boot\spring-boot-starter-json\2.1.3.RELEASE\spring-boot-starter-json-2.1.3.RELEASE.jar;E:\preson-proj\my-repository\com\fasterxml\jackson\core\jackson-databind\2.9.8\jackson-databind-2.9.8.jar;E:\preson-proj\my-repository\com\fasterxml\jackson\core\jackson-annotations\2.9.0\jackson-annotations-2.9.0.jar;E:\preson-proj\my-repository\com\fasterxml\jackson\core\jackson-core\2.9.8\jackson-core-2.9.8.jar;E:\preson-proj\my-repository\com\fasterxml\jackson\datatype\jackson-datatype-jdk8\2.9.8\jackson-datatype-jdk8-2.9.8.jar;E:\preson-proj\my-repository\com\fasterxml\jackson\datatype\jackson-datatype-jsr310\2.9.8\jackson-datatype-jsr310-2.9.8.jar;E:\preson-proj\my-repository\com\fasterxml\jackson\module\jackson-module-parameter-names\2.9.8\jackson-module-parameter-names-2.9.8.jar;E:\preson-proj\my-repository\org\springframework\boot\spring-boot-starter-tomcat\2.1.3.RELEASE\spring-boot-starter-tomcat-2.1.3.RELEASE.jar;E:\preson-proj\my-repository\org\apache\tomcat\embed\tomcat-embed-core\9.0.16\tomcat-embed-core-9.0.16.jar;E:\preson-proj\my-repository\org\apache\tomcat\embed\tomcat-embed-el\9.0.16\tomcat-embed-el-9.0.16.jar;E:\preson-proj\my-repository\org\apache\tomcat\embed\tomcat-embed-websocket\9.0.16\tomcat-embed-websocket-9.0.16.jar;E:\preson-proj\my-repository\org\hibernate\validator\hibernate-validator\6.0.14.Final\hibernate-validator-6.0.14.Final.jar;E:\preson-proj\my-repository\javax\validation\validation-api\2.0.1.Final\validation-api-2.0.1.Final.jar;E:\preson-proj\my-repository\org\jboss\logging\jboss-logging\3.3.2.Final\jboss-logging-3.3.2.Final.jar;E:\preson-proj\my-repository\com\fasterxml\classmate\1.4.0\classmate-1.4.0.jar;E:\preson-proj\my-repository\org\springframework\spring-web\5.1.5.RELEASE\spring-web-5.1.5.RELEASE.jar;E:\preson-proj\my-repository\org\springframework\spring-beans\5.1.5.RELEASE\spring-beans-5.1.5.RELEASE.jar;E:\preson-proj\my-repository\org\springframework\spring-webmvc\5.1.5.RELEASE\spring-webmvc-5.1.5.RELEASE.jar;E:\preson-proj\my-repository\org\springframework\spring-context\5.1.5.RELEASE\spring-context-5.1.5.RELEASE.jar;E:\preson-proj\my-repository\org\springframework\spring-expression\5.1.5.RELEASE\spring-expression-5.1.5.RELEASE.jar;E:\preson-proj\my-repository\org\springframework\boot\spring-boot-starter-thymeleaf\2.1.3.RELEASE\spring-boot-starter-thymeleaf-2.1.3.RELEASE.jar;E:\preson-proj\my-repository\org\thymeleaf\thymeleaf-spring5\3.0.11.RELEASE\thymeleaf-spring5-3.0.11.RELEASE.jar;E:\preson-proj\my-repository\org\thymeleaf\thymeleaf\3.0.11.RELEASE\thymeleaf-3.0.11.RELEASE.jar;E:\preson-proj\my-repository\org\attoparser\attoparser\2.0.5.RELEASE\attoparser-2.0.5.RELEASE.jar;E:\preson-proj\my-repository\org\unbescape\unbescape\1.1.6.RELEASE\unbescape-1.1.6.RELEASE.jar;E:\preson-proj\my-repository\org\slf4j\slf4j-api\1.7.25\slf4j-api-1.7.25.jar;E:\preson-proj\my-repository\org\thymeleaf\extras\thymeleaf-extras-java8time\3.0.3.RELEASE\thymeleaf-extras-java8time-3.0.3.RELEASE.jar;E:\preson-proj\my-repository\org\springframework\boot\spring-boot-starter-test\2.1.3.RELEASE\spring-boot-starter-test-2.1.3.RELEASE.jar;E:\preson-proj\my-repository\org\springframework\boot\spring-boot-test\2.1.3.RELEASE\spring-boot-test-2.1.3.RELEASE.jar;E:\preson-proj\my-repository\org\springframework\boot\spring-boot-test-autoconfigure\2.1.3.RELEASE\spring-boot-test-autoconfigure-2.1.3.RELEASE.jar;E:\preson-proj\my-repository\com\jayway\jsonpath\json-path\2.4.0\json-path-2.4.0.jar;E:\preson-proj\my-repository\net\minidev\json-smart\2.3\json-smart-2.3.jar;E:\preson-proj\my-repository\net\minidev\accessors-smart\1.2\accessors-smart-1.2.jar;E:\preson-proj\my-repository\org\ow2\asm\asm\5.0.4\asm-5.0.4.jar;E:\preson-proj\my-repository\org\assertj\assertj-core\3.11.1\assertj-core-3.11.1.jar;E:\preson-proj\my-repository\org\mockito\mockito-core\2.23.4\mockito-core-2.23.4.jar;E:\preson-proj\my-repository\net\bytebuddy\byte-buddy\1.9.10\byte-buddy-1.9.10.jar;E:\preson-proj\my-repository\net\bytebuddy\byte-buddy-agent\1.9.10\byte-buddy-agent-1.9.10.jar;E:\preson-proj\my-repository\org\objenesis\objenesis\2.6\objenesis-2.6.jar;E:\preson-proj\my-repository\org\hamcrest\hamcrest-core\1.3\hamcrest-core-1.3.jar;E:\preson-proj\my-repository\org\hamcrest\hamcrest-library\1.3\hamcrest-library-1.3.jar;E:\preson-proj\my-repository\org\skyscreamer\jsonassert\1.5.0\jsonassert-1.5.0.jar;E:\preson-proj\my-repository\com\vaadin\external\google\android-json\0.0.20131108.vaadin1\android-json-0.0.20131108.vaadin1.jar;E:\preson-proj\my-repository\org\springframework\spring-core\5.1.5.RELEASE\spring-core-5.1.5.RELEASE.jar;E:\preson-proj\my-repository\org\springframework\spring-jcl\5.1.5.RELEASE\spring-jcl-5.1.5.RELEASE.jar;E:\preson-proj\my-repository\org\springframework\spring-test\5.1.5.RELEASE\spring-test-5.1.5.RELEASE.jar;E:\preson-proj\my-repository\org\xmlunit\xmlunit-core\2.6.2\xmlunit-core-2.6.2.jar;E:\preson-proj\my-repository\org\springframework\boot\spring-boot-devtools\2.1.3.RELEASE\spring-boot-devtools-2.1.3.RELEASE.jar;E:\preson-proj\my-repository\org\springframework\boot\spring-boot\2.1.3.RELEASE\spring-boot-2.1.3.RELEASE.jar;E:\preson-proj\my-repository\org\springframework\boot\spring-boot-autoconfigure\2.1.3.RELEASE\spring-boot-autoconfigure-2.1.3.RELEASE.jar;E:\preson-proj\my-repository\org\mybatis\spring\boot\mybatis-spring-boot-starter\1.2.0\mybatis-spring-boot-starter-1.2.0.jar;E:\preson-proj\my-repository\org\springframework\boot\spring-boot-starter-jdbc\2.1.3.RELEASE\spring-boot-starter-jdbc-2.1.3.RELEASE.jar;E:\preson-proj\my-repository\com\zaxxer\HikariCP\3.2.0\HikariCP-3.2.0.jar;E:\preson-proj\my-repository\org\springframework\spring-jdbc\5.1.5.RELEASE\spring-jdbc-5.1.5.RELEASE.jar;E:\preson-proj\my-repository\org\mybatis\spring\boot\mybatis-spring-boot-autoconfigure\1.2.0\mybatis-spring-boot-autoconfigure-1.2.0.jar;E:\preson-proj\my-repository\org\mybatis\mybatis-spring\1.3.1\mybatis-spring-1.3.1.jar;E:\preson-proj\my-repository\org\apache\commons\commons-lang3\3.5\commons-lang3-3.5.jar;E:\preson-proj\my-repository\com\atlassian\commonmark\commonmark\0.10.0\commonmark-0.10.0.jar;E:\preson-proj\my-repository\com\atlassian\commonmark\commonmark-ext-gfm-tables\0.10.0\commonmark-ext-gfm-tables-0.10.0.jar;E:\preson-proj\my-repository\com\github\pagehelper\pagehelper-spring-boot-starter\1.2.3\pagehelper-spring-boot-starter-1.2.3.jar;E:\preson-proj\my-repository\com\github\pagehelper\pagehelper-spring-boot-autoconfigure\1.2.3\pagehelper-spring-boot-autoconfigure-1.2.3.jar;E:\preson-proj\my-repository\com\github\pagehelper\pagehelper\5.1.2\pagehelper-5.1.2.jar;E:\preson-proj\my-repository\com\github\jsqlparser\jsqlparser\1.0\jsqlparser-1.0.jar;E:\preson-proj\my-repository\com\vdurmont\emoji-java\3.2.0\emoji-java-3.2.0.jar;E:\preson-proj\my-repository\org\json\json\20140107\json-20140107.jar;E:\preson-proj\my-repository\com\google\code\gson\gson\2.8.0\gson-2.8.0.jar;E:\preson-proj\my-repository\org\springframework\boot\spring-boot-starter-aop\2.1.3.RELEASE\spring-boot-starter-aop-2.1.3.RELEASE.jar;E:\preson-proj\my-repository\org\springframework\spring-aop\5.1.5.RELEASE\spring-aop-5.1.5.RELEASE.jar;E:\preson-proj\my-repository\org\aspectj\aspectjweaver\1.9.2\aspectjweaver-1.9.2.jar;E:\preson-proj\my-repository\org\springframework\boot\spring-boot-starter-data-redis\2.1.3.RELEASE\spring-boot-starter-data-redis-2.1.3.RELEASE.jar;E:\preson-proj\my-repository\org\springframework\data\spring-data-redis\2.1.5.RELEASE\spring-data-redis-2.1.5.RELEASE.jar;E:\preson-proj\my-repository\org\springframework\data\spring-data-keyvalue\2.1.5.RELEASE\spring-data-keyvalue-2.1.5.RELEASE.jar;E:\preson-proj\my-repository\org\springframework\data\spring-data-commons\2.1.5.RELEASE\spring-data-commons-2.1.5.RELEASE.jar;E:\preson-proj\my-repository\org\springframework\spring-tx\5.1.5.RELEASE\spring-tx-5.1.5.RELEASE.jar;E:\preson-proj\my-repository\org\springframework\spring-oxm\5.1.5.RELEASE\spring-oxm-5.1.5.RELEASE.jar;E:\preson-proj\my-repository\io\lettuce\lettuce-core\5.1.4.RELEASE\lettuce-core-5.1.4.RELEASE.jar;E:\preson-proj\my-repository\io\netty\netty-common\4.1.33.Final\netty-common-4.1.33.Final.jar;E:\preson-proj\my-repository\io\netty\netty-handler\4.1.33.Final\netty-handler-4.1.33.Final.jar;E:\preson-proj\my-repository\io\netty\netty-buffer\4.1.33.Final\netty-buffer-4.1.33.Final.jar;E:\preson-proj\my-repository\io\netty\netty-codec\4.1.33.Final\netty-codec-4.1.33.Final.jar;E:\preson-proj\my-repository\io\netty\netty-transport\4.1.33.Final\netty-transport-4.1.33.Final.jar;E:\preson-proj\my-repository\io\netty\netty-resolver\4.1.33.Final\netty-resolver-4.1.33.Final.jar;E:\preson-proj\my-repository\io\projectreactor\reactor-core\3.2.6.RELEASE\reactor-core-3.2.6.RELEASE.jar;E:\preson-proj\my-repository\org\reactivestreams\reactive-streams\1.0.2\reactive-streams-1.0.2.jar;E:\preson-proj\my-repository\org\springframework\boot\spring-boot-starter-mail\2.1.3.RELEASE\spring-boot-starter-mail-2.1.3.RELEASE.jar;E:\preson-proj\my-repository\org\springframework\spring-context-support\5.1.5.RELEASE\spring-context-support-5.1.5.RELEASE.jar;E:\preson-proj\my-repository\com\sun\mail\javax.mail\1.6.2\javax.mail-1.6.2.jar;E:\preson-proj\my-repository\javax\activation\activation\1.1\activation-1.1.jar;E:\preson-proj\my-repository\junit\junit\4.13-beta-2\junit-4.13-beta-2.jar;E:\preson-proj\my-repository\org\mybatis\mybatis\3.4.0\mybatis-3.4.0.jar;E:\preson-proj\my-repository\org\mybatis\generator\mybatis-generator-core\1.3.5\mybatis-generator-core-1.3.5.jar;E:\preson-proj\my-repository\dom4j\dom4j\1.6.1\dom4j-1.6.1.jar;E:\preson-proj\my-repository\xml-apis\xml-apis\1.4.01\xml-apis-1.4.01.jar;"/>
    <property name="sun.cpu.endian" value="little"/>
    <property name="user.home" value="C:\Users\Administrator"/>
    <property name="user.language" value="zh"/>
    <property name="java.specification.vendor" value="Oracle Corporation"/>
    <property name="java.home" value="E:\soft\jdk1.8.0_40\jre"/>
    <property name="basedir" value="E:\preson-proj\Jantent-master"/>
    <property name="file.separator" value="\"/>
    <property name="line.separator" value="&#10;"/>
    <property name="java.vm.specification.vendor" value="Oracle Corporation"/>
    <property name="java.specification.name" value="Java Platform API Specification"/>
    <property name="java.awt.graphicsenv" value="sun.awt.Win32GraphicsEnvironment"/>
    <property name="surefire.real.class.path" value="C:\Users\ADMINI~1\AppData\Local\Temp\surefire862547559283838332\surefirebooter7651794905528900785.jar"/>
    <property name="sun.boot.class.path" value="E:\soft\jdk1.8.0_40\jre\lib\resources.jar;E:\soft\jdk1.8.0_40\jre\lib\rt.jar;E:\soft\jdk1.8.0_40\jre\lib\sunrsasign.jar;E:\soft\jdk1.8.0_40\jre\lib\jsse.jar;E:\soft\jdk1.8.0_40\jre\lib\jce.jar;E:\soft\jdk1.8.0_40\jre\lib\charsets.jar;E:\soft\jdk1.8.0_40\jre\lib\jfr.jar;E:\soft\jdk1.8.0_40\jre\classes"/>
    <property name="user.script" value=""/>
    <property name="sun.management.compiler" value="HotSpot 64-Bit Tiered Compilers"/>
    <property name="java.runtime.version" value="1.8.0_40-b26"/>
    <property name="user.name" value="Administrator"/>
    <property name="path.separator" value=";"/>
    <property name="os.version" value="6.3"/>
    <property name="java.endorsed.dirs" value="E:\soft\jdk1.8.0_40\jre\lib\endorsed"/>
    <property name="java.runtime.name" value="Java(TM) SE Runtime Environment"/>
    <property name="file.encoding" value="GBK"/>
    <property name="java.vm.name" value="Java HotSpot(TM) 64-Bit Server VM"/>
    <property name="localRepository" value="E:\preson-proj\my-repository"/>
    <property name="java.vendor.url.bug" value="http://bugreport.sun.com/bugreport/"/>
    <property name="java.io.tmpdir" value="C:\Users\ADMINI~1\AppData\Local\Temp\"/>
    <property name="idea.version" value="2018.3.5"/>
    <property name="java.version" value="1.8.0_40"/>
    <property name="user.dir" value="E:\preson-proj\Jantent-master"/>
    <property name="os.arch" value="amd64"/>
    <property name="java.vm.specification.name" value="Java Virtual Machine Specification"/>
    <property name="java.awt.printerjob" value="sun.awt.windows.WPrinterJob"/>
    <property name="sun.os.patch.level" value=""/>
    <property name="java.library.path" value="E:\soft\jdk1.8.0_40\jre\bin;C:\windows\Sun\Java\bin;C:\windows\system32;C:\windows;C:\windows\system32;C:\windows;C:\windows\System32\Wbem;C:\windows\System32\WindowsPowerShell\v1.0\;C:\Program Files (x86)\ATI Technologies\ATI.ACE\Core-Static;E:\MySql 5.0\bin;D:\Program Files (x86)\apache-tomcat-7.0.85\bin;D:\soft\Git\cmd;C:\Users\Administrator\AppData\Local\Microsoft\WindowsApps;;E:\soft\IntelliJ IDEA 2018.3.5\bin;;."/>
    <property name="java.vm.info" value="mixed mode"/>
    <property name="java.vendor" value="Oracle Corporation"/>
    <property name="java.vm.version" value="25.40-b25"/>
    <property name="java.ext.dirs" value="E:\soft\jdk1.8.0_40\jre\lib\ext;C:\windows\Sun\Java\lib\ext"/>
    <property name="sun.io.unicode.encoding" value="UnicodeLittle"/>
    <property name="maven.repo.local" value="E:\preson-proj\my-repository"/>
    <property name="java.class.version" value="52.0"/>
  </properties>
  <testcase name="test" classname="springboot.service.impl.RedisServiceTest" time="2.098">
    <error message="An error happened during template parsing (template: &quot;class path resource [templates/themes/ahazww/index.html]&quot;)" type="org.thymeleaf.exceptions.TemplateInputException">org.thymeleaf.exceptions.TemplateInputException: An error happened during template parsing (template: "class path resource [templates/themes/ahazww/index.html]")
	at springboot.service.impl.RedisServiceTest.test(RedisServiceTest.java:60)
Caused by: org.attoparser.ParseException: Exception evaluating SpringEL expression: "keywords ?: commons.site_option('site_keywords')" (template: "themes/ahazww/header" - line 10, col 27)
	at springboot.service.impl.RedisServiceTest.test(RedisServiceTest.java:60)
Caused by: org.thymeleaf.exceptions.TemplateProcessingException: Exception evaluating SpringEL expression: "keywords ?: commons.site_option('site_keywords')" (template: "themes/ahazww/header" - line 10, col 27)
	at springboot.service.impl.RedisServiceTest.test(RedisServiceTest.java:60)
Caused by: org.springframework.expression.spel.SpelEvaluationException: EL1011E: Method call: Attempted to call method site_option(java.lang.String) on null context object
	at springboot.service.impl.RedisServiceTest.test(RedisServiceTest.java:60)
</error>
    <system-out><![CDATA[2019-03-25 17:09:41.858  INFO 11076 --- [           main] .b.t.c.SpringBootTestContextBootstrapper : Neither @ContextConfiguration nor @ContextHierarchy found for test class [springboot.service.impl.RedisServiceTest], using SpringBootContextLoader
2019-03-25 17:09:41.862  INFO 11076 --- [           main] o.s.t.c.support.AbstractContextLoader    : Could not detect default resource locations for test class [springboot.service.impl.RedisServiceTest]: no resource found for suffixes {-context.xml, Context.groovy}.
2019-03-25 17:09:41.864  INFO 11076 --- [           main] t.c.s.AnnotationConfigContextLoaderUtils : Could not detect default configuration classes for test class [springboot.service.impl.RedisServiceTest]: RedisServiceTest does not declare any static, non-private, non-final, nested classes annotated with @Configuration.
2019-03-25 17:09:41.875  INFO 11076 --- [           main] .b.t.c.SpringBootTestContextBootstrapper : Found @SpringBootConfiguration springboot.StartApplication for test class springboot.service.impl.RedisServiceTest
2019-03-25 17:09:41.909  INFO 11076 --- [           main] .b.t.c.SpringBootTestContextBootstrapper : Loaded default TestExecutionListener class names from location [META-INF/spring.factories]: [org.springframework.boot.test.mock.mockito.MockitoTestExecutionListener, org.springframework.boot.test.mock.mockito.ResetMocksTestExecutionListener, org.springframework.boot.test.autoconfigure.restdocs.RestDocsTestExecutionListener, org.springframework.boot.test.autoconfigure.web.client.MockRestServiceServerResetTestExecutionListener, org.springframework.boot.test.autoconfigure.web.servlet.MockMvcPrintOnlyOnFailureTestExecutionListener, org.springframework.boot.test.autoconfigure.web.servlet.WebDriverTestExecutionListener, org.springframework.test.context.web.ServletTestExecutionListener, org.springframework.test.context.support.DirtiesContextBeforeModesTestExecutionListener, org.springframework.test.context.support.DependencyInjectionTestExecutionListener, org.springframework.test.context.support.DirtiesContextTestExecutionListener, org.springframework.test.context.transaction.TransactionalTestExecutionListener, org.springframework.test.context.jdbc.SqlScriptsTestExecutionListener]
2019-03-25 17:09:41.914  INFO 11076 --- [           main] .b.t.c.SpringBootTestContextBootstrapper : Using TestExecutionListeners: [org.springframework.test.context.web.ServletTestExecutionListener@1eab8437, org.springframework.test.context.support.DirtiesContextBeforeModesTestExecutionListener@72eed547, org.springframework.boot.test.mock.mockito.MockitoTestExecutionListener@69ffdaa8, org.springframework.boot.test.autoconfigure.SpringBootDependencyInjectionTestExecutionListener@2a1e57c6, org.springframework.test.context.support.DirtiesContextTestExecutionListener@68d6f48e, org.springframework.test.context.transaction.TransactionalTestExecutionListener@6c96403e, org.springframework.test.context.jdbc.SqlScriptsTestExecutionListener@7babed9e, org.springframework.boot.test.mock.mockito.ResetMocksTestExecutionListener@2353354a, org.springframework.boot.test.autoconfigure.restdocs.RestDocsTestExecutionListener@7c7ed72a, org.springframework.boot.test.autoconfigure.web.client.MockRestServiceServerResetTestExecutionListener@22b7ef2b, org.springframework.boot.test.autoconfigure.web.servlet.MockMvcPrintOnlyOnFailureTestExecutionListener@6d421fe, org.springframework.boot.test.autoconfigure.web.servlet.WebDriverTestExecutionListener@3c17bd0b]
2019-03-25 17:09:42.040 DEBUG 11076 --- [           main] s.d.C.selectByExampleWithBLOBs_COUNT     : ==>  Preparing: SELECT count(0) FROM t_contents WHERE (type = ? AND status = ?) 
2019-03-25 17:09:42.042 DEBUG 11076 --- [           main] s.d.C.selectByExampleWithBLOBs_COUNT     : ==> Parameters: post(String), publish(String)
2019-03-25 17:09:42.183 DEBUG 11076 --- [           main] s.d.C.selectByExampleWithBLOBs_COUNT     : <==      Total: 1
2019-03-25 17:09:42.187 DEBUG 11076 --- [           main] s.d.C.selectByExampleWithBLOBs           : ==>  Preparing: select cid, title, slug, created, modified, author_id, type, status, tags, categories, hits, comments_num, allow_comment, allow_ping, allow_feed, thumbImg , content from t_contents WHERE ( type = ? and status = ? ) order by created desc LIMIT ? 
2019-03-25 17:09:42.195 DEBUG 11076 --- [           main] s.d.C.selectByExampleWithBLOBs           : ==> Parameters: post(String), publish(String), 10(Integer)
2019-03-25 17:09:42.233 DEBUG 11076 --- [           main] s.d.C.selectByExampleWithBLOBs           : <==      Total: 1
2019-03-25 17:09:42.260 DEBUG 11076 --- [           main] s.dao.MetaVoMapper.selectFromSql         : ==>  Preparing: select a.*, count(b.cid) as count from t_metas a left join `t_relationships` b on a.mid = b.mid where a.type = ? group by a.mid order by ? limit ? 
2019-03-25 17:09:42.276 DEBUG 11076 --- [           main] s.dao.MetaVoMapper.selectFromSql         : ==> Parameters: category(String), count desc, assets.mid desc(String), 9999(Integer)
2019-03-25 17:09:42.384 DEBUG 11076 --- [           main] s.dao.MetaVoMapper.selectFromSql         : <==      Total: 1
2019-03-25 17:09:44.372 ERROR 11076 --- [           main] org.thymeleaf.TemplateEngine             : [THYMELEAF][main] Exception processing template "themes/ahazww/index": An error happened during template parsing (template: "class path resource [templates/themes/ahazww/index.html]")

org.thymeleaf.exceptions.TemplateInputException: An error happened during template parsing (template: "class path resource [templates/themes/ahazww/index.html]")
	at org.thymeleaf.templateparser.markup.AbstractMarkupTemplateParser.parse(AbstractMarkupTemplateParser.java:241) ~[thymeleaf-3.0.11.RELEASE.jar:3.0.11.RELEASE]
	at org.thymeleaf.templateparser.markup.AbstractMarkupTemplateParser.parseStandalone(AbstractMarkupTemplateParser.java:100) ~[thymeleaf-3.0.11.RELEASE.jar:3.0.11.RELEASE]
	at org.thymeleaf.engine.TemplateManager.parseAndProcess(TemplateManager.java:666) ~[thymeleaf-3.0.11.RELEASE.jar:3.0.11.RELEASE]
	at org.thymeleaf.TemplateEngine.process(TemplateEngine.java:1098) [thymeleaf-3.0.11.RELEASE.jar:3.0.11.RELEASE]
	at org.thymeleaf.TemplateEngine.process(TemplateEngine.java:1059) [thymeleaf-3.0.11.RELEASE.jar:3.0.11.RELEASE]
	at org.thymeleaf.TemplateEngine.process(TemplateEngine.java:1048) [thymeleaf-3.0.11.RELEASE.jar:3.0.11.RELEASE]
	at springboot.service.impl.RedisServiceTest.test(RedisServiceTest.java:60) [test-classes/:na]
	at sun.reflect.NativeMethodAccessorImpl.invoke0(Native Method) ~[na:1.8.0_40]
	at sun.reflect.NativeMethodAccessorImpl.invoke(NativeMethodAccessorImpl.java:62) ~[na:1.8.0_40]
	at sun.reflect.DelegatingMethodAccessorImpl.invoke(DelegatingMethodAccessorImpl.java:43) ~[na:1.8.0_40]
	at java.lang.reflect.Method.invoke(Method.java:497) ~[na:1.8.0_40]
	at org.junit.runners.model.FrameworkMethod$1.runReflectiveCall(FrameworkMethod.java:59) [junit-4.13-beta-2.jar:4.13-beta-2]
	at org.junit.internal.runners.model.ReflectiveCallable.run(ReflectiveCallable.java:12) [junit-4.13-beta-2.jar:4.13-beta-2]
	at org.junit.runners.model.FrameworkMethod.invokeExplosively(FrameworkMethod.java:56) [junit-4.13-beta-2.jar:4.13-beta-2]
	at org.junit.internal.runners.statements.InvokeMethod.evaluate(InvokeMethod.java:17) [junit-4.13-beta-2.jar:4.13-beta-2]
	at org.springframework.test.context.junit4.statements.RunBeforeTestExecutionCallbacks.evaluate(RunBeforeTestExecutionCallbacks.java:74) [spring-test-5.1.5.RELEASE.jar:5.1.5.RELEASE]
	at org.springframework.test.context.junit4.statements.RunAfterTestExecutionCallbacks.evaluate(RunAfterTestExecutionCallbacks.java:84) [spring-test-5.1.5.RELEASE.jar:5.1.5.RELEASE]
	at org.springframework.test.context.junit4.statements.RunBeforeTestMethodCallbacks.evaluate(RunBeforeTestMethodCallbacks.java:75) [spring-test-5.1.5.RELEASE.jar:5.1.5.RELEASE]
	at org.springframework.test.context.junit4.statements.RunAfterTestMethodCallbacks.evaluate(RunAfterTestMethodCallbacks.java:86) [spring-test-5.1.5.RELEASE.jar:5.1.5.RELEASE]
	at org.springframework.test.context.junit4.statements.SpringRepeat.evaluate(SpringRepeat.java:84) [spring-test-5.1.5.RELEASE.jar:5.1.5.RELEASE]
	at org.junit.runners.ParentRunner.runLeaf(ParentRunner.java:365) [junit-4.13-beta-2.jar:4.13-beta-2]
	at org.springframework.test.context.junit4.SpringJUnit4ClassRunner.runChild(SpringJUnit4ClassRunner.java:251) [spring-test-5.1.5.RELEASE.jar:5.1.5.RELEASE]
	at org.springframework.test.context.junit4.SpringJUnit4ClassRunner.runChild(SpringJUnit4ClassRunner.java:97) [spring-test-5.1.5.RELEASE.jar:5.1.5.RELEASE]
	at org.junit.runners.ParentRunner$4.run(ParentRunner.java:330) [junit-4.13-beta-2.jar:4.13-beta-2]
	at org.junit.runners.ParentRunner$1.schedule(ParentRunner.java:78) [junit-4.13-beta-2.jar:4.13-beta-2]
	at org.junit.runners.ParentRunner.runChildren(ParentRunner.java:328) [junit-4.13-beta-2.jar:4.13-beta-2]
	at org.junit.runners.ParentRunner.access$100(ParentRunner.java:65) [junit-4.13-beta-2.jar:4.13-beta-2]
	at org.junit.runners.ParentRunner$2.evaluate(ParentRunner.java:292) [junit-4.13-beta-2.jar:4.13-beta-2]
	at org.springframework.test.context.junit4.statements.RunBeforeTestClassCallbacks.evaluate(RunBeforeTestClassCallbacks.java:61) [spring-test-5.1.5.RELEASE.jar:5.1.5.RELEASE]
	at org.springframework.test.context.junit4.statements.RunAfterTestClassCallbacks.evaluate(RunAfterTestClassCallbacks.java:70) [spring-test-5.1.5.RELEASE.jar:5.1.5.RELEASE]
	at org.junit.runners.ParentRunner$3.evaluate(ParentRunner.java:305) [junit-4.13-beta-2.jar:4.13-beta-2]
	at org.junit.runners.ParentRunner.run(ParentRunner.java:412) [junit-4.13-beta-2.jar:4.13-beta-2]
	at org.springframework.test.context.junit4.SpringJUnit4ClassRunner.run(SpringJUnit4ClassRunner.java:190) [spring-test-5.1.5.RELEASE.jar:5.1.5.RELEASE]
	at org.apache.maven.surefire.junit4.JUnit4Provider.execute(JUnit4Provider.java:365) [surefire-junit4-2.22.1.jar:2.22.1]
	at org.apache.maven.surefire.junit4.JUnit4Provider.executeWithRerun(JUnit4Provider.java:273) [surefire-junit4-2.22.1.jar:2.22.1]
	at org.apache.maven.surefire.junit4.JUnit4Provider.executeTestSet(JUnit4Provider.java:238) [surefire-junit4-2.22.1.jar:2.22.1]
	at org.apache.maven.surefire.junit4.JUnit4Provider.invoke(JUnit4Provider.java:159) [surefire-junit4-2.22.1.jar:2.22.1]
	at org.apache.maven.surefire.booter.ForkedBooter.invokeProviderInSameClassLoader(ForkedBooter.java:384) [surefire-booter-2.22.1.jar:2.22.1]
	at org.apache.maven.surefire.booter.ForkedBooter.runSuitesInProcess(ForkedBooter.java:345) [surefire-booter-2.22.1.jar:2.22.1]
	at org.apache.maven.surefire.booter.ForkedBooter.execute(ForkedBooter.java:126) [surefire-booter-2.22.1.jar:2.22.1]
	at org.apache.maven.surefire.booter.ForkedBooter.main(ForkedBooter.java:418) [surefire-booter-2.22.1.jar:2.22.1]
Caused by: org.attoparser.ParseException: Exception evaluating SpringEL expression: "keywords ?: commons.site_option('site_keywords')" (template: "themes/ahazww/header" - line 10, col 27)
	at org.attoparser.MarkupParser.parseDocument(MarkupParser.java:393) ~[attoparser-2.0.5.RELEASE.jar:2.0.5.RELEASE]
	at org.attoparser.MarkupParser.parse(MarkupParser.java:257) ~[attoparser-2.0.5.RELEASE.jar:2.0.5.RELEASE]
	at org.thymeleaf.templateparser.markup.AbstractMarkupTemplateParser.parse(AbstractMarkupTemplateParser.java:230) ~[thymeleaf-3.0.11.RELEASE.jar:3.0.11.RELEASE]
	... 40 common frames omitted
Caused by: org.thymeleaf.exceptions.TemplateProcessingException: Exception evaluating SpringEL expression: "keywords ?: commons.site_option('site_keywords')" (template: "themes/ahazww/header" - line 10, col 27)
	at org.thymeleaf.spring5.expression.SPELVariableExpressionEvaluator.evaluate(SPELVariableExpressionEvaluator.java:290) ~[thymeleaf-spring5-3.0.11.RELEASE.jar:3.0.11.RELEASE]
	at org.thymeleaf.standard.expression.VariableExpression.executeVariableExpression(VariableExpression.java:166) ~[thymeleaf-3.0.11.RELEASE.jar:3.0.11.RELEASE]
	at org.thymeleaf.standard.expression.SimpleExpression.executeSimple(SimpleExpression.java:66) ~[thymeleaf-3.0.11.RELEASE.jar:3.0.11.RELEASE]
	at org.thymeleaf.standard.expression.Expression.execute(Expression.java:109) ~[thymeleaf-3.0.11.RELEASE.jar:3.0.11.RELEASE]
	at org.thymeleaf.standard.expression.Expression.execute(Expression.java:138) ~[thymeleaf-3.0.11.RELEASE.jar:3.0.11.RELEASE]
	at org.thymeleaf.standard.processor.AbstractStandardExpressionAttributeTagProcessor.doProcess(AbstractStandardExpressionAttributeTagProcessor.java:144) ~[thymeleaf-3.0.11.RELEASE.jar:3.0.11.RELEASE]
	at org.thymeleaf.processor.element.AbstractAttributeTagProcessor.doProcess(AbstractAttributeTagProcessor.java:74) ~[thymeleaf-3.0.11.RELEASE.jar:3.0.11.RELEASE]
	at org.thymeleaf.processor.element.AbstractElementTagProcessor.process(AbstractElementTagProcessor.java:95) ~[thymeleaf-3.0.11.RELEASE.jar:3.0.11.RELEASE]
	at org.thymeleaf.util.ProcessorConfigurationUtils$ElementTagProcessorWrapper.process(ProcessorConfigurationUtils.java:633) ~[thymeleaf-3.0.11.RELEASE.jar:3.0.11.RELEASE]
	at org.thymeleaf.engine.ProcessorTemplateHandler.handleStandaloneElement(ProcessorTemplateHandler.java:918) ~[thymeleaf-3.0.11.RELEASE.jar:3.0.11.RELEASE]
	at org.thymeleaf.engine.StandaloneElementTag.beHandled(StandaloneElementTag.java:228) ~[thymeleaf-3.0.11.RELEASE.jar:3.0.11.RELEASE]
	at org.thymeleaf.engine.Model.process(Model.java:282) ~[thymeleaf-3.0.11.RELEASE.jar:3.0.11.RELEASE]
	at org.thymeleaf.engine.ProcessorTemplateHandler.handleOpenElement(ProcessorTemplateHandler.java:1587) ~[thymeleaf-3.0.11.RELEASE.jar:3.0.11.RELEASE]
	at org.thymeleaf.engine.TemplateHandlerAdapterMarkupHandler.handleOpenElementEnd(TemplateHandlerAdapterMarkupHandler.java:304) ~[thymeleaf-3.0.11.RELEASE.jar:3.0.11.RELEASE]
	at org.thymeleaf.templateparser.markup.InlinedOutputExpressionMarkupHandler$InlineMarkupAdapterPreProcessorHandler.handleOpenElementEnd(InlinedOutputExpressionMarkupHandler.java:278) ~[thymeleaf-3.0.11.RELEASE.jar:3.0.11.RELEASE]
	at org.thymeleaf.standard.inline.OutputExpressionInlinePreProcessorHandler.handleOpenElementEnd(OutputExpressionInlinePreProcessorHandler.java:186) ~[thymeleaf-3.0.11.RELEASE.jar:3.0.11.RELEASE]
	at org.thymeleaf.templateparser.markup.InlinedOutputExpressionMarkupHandler.handleOpenElementEnd(InlinedOutputExpressionMarkupHandler.java:124) ~[thymeleaf-3.0.11.RELEASE.jar:3.0.11.RELEASE]
	at org.attoparser.HtmlElement.handleOpenElementEnd(HtmlElement.java:109) ~[attoparser-2.0.5.RELEASE.jar:2.0.5.RELEASE]
	at org.attoparser.HtmlMarkupHandler.handleOpenElementEnd(HtmlMarkupHandler.java:297) ~[attoparser-2.0.5.RELEASE.jar:2.0.5.RELEASE]
	at org.attoparser.MarkupEventProcessorHandler.handleOpenElementEnd(MarkupEventProcessorHandler.java:402) ~[attoparser-2.0.5.RELEASE.jar:2.0.5.RELEASE]
	at org.attoparser.ParsingElementMarkupUtil.parseOpenElement(ParsingElementMarkupUtil.java:159) ~[attoparser-2.0.5.RELEASE.jar:2.0.5.RELEASE]
	at org.attoparser.MarkupParser.parseBuffer(MarkupParser.java:710) ~[attoparser-2.0.5.RELEASE.jar:2.0.5.RELEASE]
	at org.attoparser.MarkupParser.parseDocument(MarkupParser.java:301) ~[attoparser-2.0.5.RELEASE.jar:2.0.5.RELEASE]
	... 42 common frames omitted
Caused by: org.springframework.expression.spel.SpelEvaluationException: EL1011E: Method call: Attempted to call method site_option(java.lang.String) on null context object
	at org.springframework.expression.spel.ast.MethodReference.throwIfNotNullSafe(MethodReference.java:153) ~[spring-expression-5.1.5.RELEASE.jar:5.1.5.RELEASE]
	at org.springframework.expression.spel.ast.MethodReference.getValueRef(MethodReference.java:82) ~[spring-expression-5.1.5.RELEASE.jar:5.1.5.RELEASE]
	at org.springframework.expression.spel.ast.CompoundExpression.getValueRef(CompoundExpression.java:68) ~[spring-expression-5.1.5.RELEASE.jar:5.1.5.RELEASE]
	at org.springframework.expression.spel.ast.CompoundExpression.getValueInternal(CompoundExpression.java:89) ~[spring-expression-5.1.5.RELEASE.jar:5.1.5.RELEASE]
	at org.springframework.expression.spel.ast.Elvis.getValueInternal(Elvis.java:59) ~[spring-expression-5.1.5.RELEASE.jar:5.1.5.RELEASE]
	at org.springframework.expression.spel.ast.SpelNodeImpl.getValue(SpelNodeImpl.java:109) ~[spring-expression-5.1.5.RELEASE.jar:5.1.5.RELEASE]
	at org.springframework.expression.spel.standard.SpelExpression.getValue(SpelExpression.java:328) ~[spring-expression-5.1.5.RELEASE.jar:5.1.5.RELEASE]
	at org.thymeleaf.spring5.expression.SPELVariableExpressionEvaluator.evaluate(SPELVariableExpressionEvaluator.java:263) ~[thymeleaf-spring5-3.0.11.RELEASE.jar:3.0.11.RELEASE]
	... 64 common frames omitted

]]></system-out>
  </testcase>
</testsuite>